# JRE version: OpenJDK Runtime Environment Temurin-21.0.6+7 (21.0.6+7) (build 21.0.6+7-LTS)
# Java VM: OpenJDK 64-Bit Server VM Temurin-21.0.6+7 (21.0.6+7-LTS, mixed mode, sharing, tiered, compressed oops, compressed class ptrs, parallel gc, windows-amd64)
GC Precious Log:
 CardTable entry size: 512
 CPUs: 8 total, 8 available
 Memory: 3820M
 Large Page Support: Disabled
 NUMA Support: Disabled
 Compressed Oops: Enabled (32-bit)
 Alignments: Space 512K, Generation 512K, Heap 2M
 Heap Min Capacity: 100M
 Heap Initial Capacity: 100M
 Heap Max Capacity: 1G
 Pre-touch: Disabled
 Parallel Workers: 8
Heap:
 PSYoungGen      total 5120K, used 3013K [0x00000000eab00000, 0x00000000eb280000, 0x0000000100000000)
  eden space 3072K, 77% used [0x00000000eab00000,0x00000000ead55668,0x00000000eae00000)
  from space 2048K, 30% used [0x00000000eaf80000,0x00000000eb01c010,0x00000000eb180000)
  to   space 1024K, 0% used [0x00000000eb180000,0x00000000eb180000,0x00000000eb280000)
 ParOldGen       total 594432K, used 594382K [0x00000000c0000000, 0x00000000e4480000, 0x00000000eab00000)
  object space 594432K, 99% used [0x00000000c0000000,0x00000000e4473a48,0x00000000e4480000)
 Metaspace       used 63187K, committed 64576K, reserved 1114112K
  class space    used 6439K, committed 7040K, reserved 1048576K
GC Heap History (20 events):
Event: 27.092 GC heap before
{Heap before GC invocations=661 (full 3):
 PSYoungGen      total 2560K, used 2119K [0x00000000eab00000, 0x00000000eae80000, 0x0000000100000000)
  eden space 1536K, 96% used [0x00000000eab00000,0x00000000eac71d00,0x00000000eac80000)
  from space 1024K, 62% used [0x00000000eac80000,0x00000000ead20000,0x00000000ead80000)
  to   space 1024K, 0% used [0x00000000ead80000,0x00000000ead80000,0x00000000eae80000)
 ParOldGen       total 580096K, used 580005K [0x00000000c0000000, 0x00000000e3680000, 0x00000000eab00000)
  object space 580096K, 99% used [0x00000000c0000000,0x00000000e36697e8,0x00000000e3680000)
 Metaspace       used 62922K, committed 64320K, reserved 1114112K
  class space    used 6429K, committed 7040K, reserved 1048576K
}
Event: 27.095 GC heap after
{Heap after GC invocations=661 (full 3):
 PSYoungGen      total 2560K, used 787K [0x00000000eab00000, 0x00000000eae80000, 0x0000000100000000)
  eden space 1536K, 0% used [0x00000000eab00000,0x00000000eab00000,0x00000000eac80000)
  from space 1024K, 76% used [0x00000000ead80000,0x00000000eae44f08,0x00000000eae80000)
  to   space 1024K, 0% used [0x00000000eac80000,0x00000000eac80000,0x00000000ead80000)
 ParOldGen       total 580608K, used 580541K [0x00000000c0000000, 0x00000000e3700000, 0x00000000eab00000)
  object space 580608K, 99% used [0x00000000c0000000,0x00000000e36ef7e8,0x00000000e3700000)
 Metaspace       used 62922K, committed 64320K, reserved 1114112K
  class space    used 6429K, committed 7040K, reserved 1048576K
}
Event: 27.102 GC heap before
{Heap before GC invocations=662 (full 3):
 PSYoungGen      total 2560K, used 2323K [0x00000000eab00000, 0x00000000eae80000, 0x0000000100000000)
  eden space 1536K, 100% used [0x00000000eab00000,0x00000000eac80000,0x00000000eac80000)
  from space 1024K, 76% used [0x00000000ead80000,0x00000000eae44f08,0x00000000eae80000)
  to   space 1024K, 0% used [0x00000000eac80000,0x00000000eac80000,0x00000000ead80000)
 ParOldGen       total 580608K, used 580541K [0x00000000c0000000, 0x00000000e3700000, 0x00000000eab00000)
  object space 580608K, 99% used [0x00000000c0000000,0x00000000e36ef7e8,0x00000000e3700000)
 Metaspace       used 62922K, committed 64320K, reserved 1114112K
  class space    used 6429K, committed 7040K, reserved 1048576K
}
Event: 27.106 GC heap after
{Heap after GC invocations=662 (full 3):
 PSYoungGen      total 2560K, used 1023K [0x00000000eab00000, 0x00000000eb180000, 0x0000000100000000)
  eden space 1536K, 0% used [0x00000000eab00000,0x00000000eab00000,0x00000000eac80000)
  from space 1024K, 99% used [0x00000000eac80000,0x00000000ead7fc38,0x00000000ead80000)
  to   space 2560K, 0% used [0x00000000eaf00000,0x00000000eaf00000,0x00000000eb180000)
 ParOldGen       total 582144K, used 581705K [0x00000000c0000000, 0x00000000e3880000, 0x00000000eab00000)
  object space 582144K, 99% used [0x00000000c0000000,0x00000000e38126f0,0x00000000e3880000)
 Metaspace       used 62922K, committed 64320K, reserved 1114112K
  class space    used 6429K, committed 7040K, reserved 1048576K
}
Event: 27.117 GC heap before
{Heap before GC invocations=663 (full 3):
 PSYoungGen      total 2560K, used 2559K [0x00000000eab00000, 0x00000000eb180000, 0x0000000100000000)
  eden space 1536K, 100% used [0x00000000eab00000,0x00000000eac80000,0x00000000eac80000)
  from space 1024K, 99% used [0x00000000eac80000,0x00000000ead7fc38,0x00000000ead80000)
  to   space 2560K, 0% used [0x00000000eaf00000,0x00000000eaf00000,0x00000000eb180000)
 ParOldGen       total 582144K, used 581705K [0x00000000c0000000, 0x00000000e3880000, 0x00000000eab00000)
  object space 582144K, 99% used [0x00000000c0000000,0x00000000e38126f0,0x00000000e3880000)
 Metaspace       used 62922K, committed 64320K, reserved 1114112K
  class space    used 6429K, committed 7040K, reserved 1048576K
}
Event: 27.121 GC heap after
{Heap after GC invocations=663 (full 3):
 PSYoungGen      total 4096K, used 1632K [0x00000000eab00000, 0x00000000eb100000, 0x0000000100000000)
  eden space 2048K, 0% used [0x00000000eab00000,0x00000000eab00000,0x00000000ead00000)
  from space 2048K, 79% used [0x00000000eaf00000,0x00000000eb098000,0x00000000eb100000)
  to   space 2048K, 0% used [0x00000000ead00000,0x00000000ead00000,0x00000000eaf00000)
 ParOldGen       total 583168K, used 582760K [0x00000000c0000000, 0x00000000e3980000, 0x00000000eab00000)
  object space 583168K, 99% used [0x00000000c0000000,0x00000000e391a328,0x00000000e3980000)
 Metaspace       used 62922K, committed 64320K, reserved 1114112K
  class space    used 6429K, committed 7040K, reserved 1048576K
}
Event: 27.165 GC heap before
{Heap before GC invocations=664 (full 3):
 PSYoungGen      total 4096K, used 3680K [0x00000000eab00000, 0x00000000eb100000, 0x0000000100000000)
  eden space 2048K, 100% used [0x00000000eab00000,0x00000000ead00000,0x00000000ead00000)
  from space 2048K, 79% used [0x00000000eaf00000,0x00000000eb098000,0x00000000eb100000)
  to   space 2048K, 0% used [0x00000000ead00000,0x00000000ead00000,0x00000000eaf00000)
 ParOldGen       total 583168K, used 582760K [0x00000000c0000000, 0x00000000e3980000, 0x00000000eab00000)
  object space 583168K, 99% used [0x00000000c0000000,0x00000000e391a328,0x00000000e3980000)
 Metaspace       used 62922K, committed 64320K, reserved 1114112K
  class space    used 6429K, committed 7040K, reserved 1048576K
}
Event: 27.174 GC heap after
{Heap after GC invocations=664 (full 3):
 PSYoungGen      total 4096K, used 2048K [0x00000000eab00000, 0x00000000eb500000, 0x0000000100000000)
  eden space 2048K, 0% used [0x00000000eab00000,0x00000000eab00000,0x00000000ead00000)
  from space 2048K, 100% used [0x00000000ead00000,0x00000000eaf00000,0x00000000eaf00000)
  to   space 4096K, 0% used [0x00000000eb100000,0x00000000eb100000,0x00000000eb500000)
 ParOldGen       total 584704K, used 584368K [0x00000000c0000000, 0x00000000e3b00000, 0x00000000eab00000)
  object space 584704K, 99% used [0x00000000c0000000,0x00000000e3aac328,0x00000000e3b00000)
 Metaspace       used 62922K, committed 64320K, reserved 1114112K
  class space    used 6429K, committed 7040K, reserved 1048576K
}
Event: 27.187 GC heap before
{Heap before GC invocations=665 (full 3):
 PSYoungGen      total 4096K, used 4096K [0x00000000eab00000, 0x00000000eb500000, 0x0000000100000000)
  eden space 2048K, 100% used [0x00000000eab00000,0x00000000ead00000,0x00000000ead00000)
  from space 2048K, 100% used [0x00000000ead00000,0x00000000eaf00000,0x00000000eaf00000)
  to   space 4096K, 0% used [0x00000000eb100000,0x00000000eb100000,0x00000000eb500000)
 ParOldGen       total 584704K, used 584368K [0x00000000c0000000, 0x00000000e3b00000, 0x00000000eab00000)
  object space 584704K, 99% used [0x00000000c0000000,0x00000000e3aac328,0x00000000e3b00000)
 Metaspace       used 62922K, committed 64320K, reserved 1114112K
  class space    used 6429K, committed 7040K, reserved 1048576K
}
Event: 27.196 GC heap after
{Heap after GC invocations=665 (full 3):
 PSYoungGen      total 5120K, used 2231K [0x00000000eab00000, 0x00000000eb380000, 0x0000000100000000)
  eden space 2560K, 0% used [0x00000000eab00000,0x00000000eab00000,0x00000000ead80000)
  from space 2560K, 87% used [0x00000000eb100000,0x00000000eb32de48,0x00000000eb380000)
  to   space 3072K, 0% used [0x00000000ead80000,0x00000000ead80000,0x00000000eb080000)
 ParOldGen       total 586752K, used 586376K [0x00000000c0000000, 0x00000000e3d00000, 0x00000000eab00000)
  object space 586752K, 99% used [0x00000000c0000000,0x00000000e3ca2328,0x00000000e3d00000)
 Metaspace       used 62922K, committed 64320K, reserved 1114112K
  class space    used 6429K, committed 7040K, reserved 1048576K
}
Event: 27.243 GC heap before
{Heap before GC invocations=666 (full 3):
 PSYoungGen      total 5120K, used 4680K [0x00000000eab00000, 0x00000000eb380000, 0x0000000100000000)
  eden space 2560K, 95% used [0x00000000eab00000,0x00000000ead64408,0x00000000ead80000)
  from space 2560K, 87% used [0x00000000eb100000,0x00000000eb32de48,0x00000000eb380000)
  to   space 3072K, 0% used [0x00000000ead80000,0x00000000ead80000,0x00000000eb080000)
 ParOldGen       total 586752K, used 586376K [0x00000000c0000000, 0x00000000e3d00000, 0x00000000eab00000)
  object space 586752K, 99% used [0x00000000c0000000,0x00000000e3ca2328,0x00000000e3d00000)
 Metaspace       used 62941K, committed 64320K, reserved 1114112K
  class space    used 6429K, committed 7040K, reserved 1048576K
}
Event: 27.250 GC heap after
{Heap after GC invocations=666 (full 3):
 PSYoungGen      total 5632K, used 2518K [0x00000000eab00000, 0x00000000eb400000, 0x0000000100000000)
  eden space 2560K, 0% used [0x00000000eab00000,0x00000000eab00000,0x00000000ead80000)
  from space 3072K, 81% used [0x00000000ead80000,0x00000000eaff5a60,0x00000000eb080000)
  to   space 3072K, 0% used [0x00000000eb100000,0x00000000eb100000,0x00000000eb400000)
 ParOldGen       total 588288K, used 587967K [0x00000000c0000000, 0x00000000e3e80000, 0x00000000eab00000)
  object space 588288K, 99% used [0x00000000c0000000,0x00000000e3e2fcb8,0x00000000e3e80000)
 Metaspace       used 62941K, committed 64320K, reserved 1114112K
  class space    used 6429K, committed 7040K, reserved 1048576K
}
Event: 27.269 GC heap before
{Heap before GC invocations=667 (full 3):
 PSYoungGen      total 5632K, used 5078K [0x00000000eab00000, 0x00000000eb400000, 0x0000000100000000)
  eden space 2560K, 100% used [0x00000000eab00000,0x00000000ead80000,0x00000000ead80000)
  from space 3072K, 81% used [0x00000000ead80000,0x00000000eaff5a60,0x00000000eb080000)
  to   space 3072K, 0% used [0x00000000eb100000,0x00000000eb100000,0x00000000eb400000)
 ParOldGen       total 588288K, used 587967K [0x00000000c0000000, 0x00000000e3e80000, 0x00000000eab00000)
  object space 588288K, 99% used [0x00000000c0000000,0x00000000e3e2fcb8,0x00000000e3e80000)
 Metaspace       used 62941K, committed 64320K, reserved 1114112K
  class space    used 6429K, committed 7040K, reserved 1048576K
}
Event: 27.273 GC heap after
{Heap after GC invocations=667 (full 3):
 PSYoungGen      total 6144K, used 2639K [0x00000000eab00000, 0x00000000eb400000, 0x0000000100000000)
  eden space 3072K, 0% used [0x00000000eab00000,0x00000000eab00000,0x00000000eae00000)
  from space 3072K, 85% used [0x00000000eb100000,0x00000000eb393f28,0x00000000eb400000)
  to   space 3072K, 0% used [0x00000000eae00000,0x00000000eae00000,0x00000000eb100000)
 ParOldGen       total 589312K, used 588839K [0x00000000c0000000, 0x00000000e3f80000, 0x00000000eab00000)
  object space 589312K, 99% used [0x00000000c0000000,0x00000000e3f09cb8,0x00000000e3f80000)
 Metaspace       used 62941K, committed 64320K, reserved 1114112K
  class space    used 6429K, committed 7040K, reserved 1048576K
}
Event: 27.291 GC heap before
{Heap before GC invocations=668 (full 3):
 PSYoungGen      total 6144K, used 5612K [0x00000000eab00000, 0x00000000eb400000, 0x0000000100000000)
  eden space 3072K, 96% used [0x00000000eab00000,0x00000000eade7448,0x00000000eae00000)
  from space 3072K, 85% used [0x00000000eb100000,0x00000000eb393f28,0x00000000eb400000)
  to   space 3072K, 0% used [0x00000000eae00000,0x00000000eae00000,0x00000000eb100000)
 ParOldGen       total 589312K, used 588839K [0x00000000c0000000, 0x00000000e3f80000, 0x00000000eab00000)
  object space 589312K, 99% used [0x00000000c0000000,0x00000000e3f09cb8,0x00000000e3f80000)
 Metaspace       used 62941K, committed 64320K, reserved 1114112K
  class space    used 6429K, committed 7040K, reserved 1048576K
}
Event: 27.295 GC heap after
{Heap after GC invocations=668 (full 3):
 PSYoungGen      total 6144K, used 2726K [0x00000000eab00000, 0x00000000eb500000, 0x0000000100000000)
  eden space 3072K, 0% used [0x00000000eab00000,0x00000000eab00000,0x00000000eae00000)
  from space 3072K, 88% used [0x00000000eae00000,0x00000000eb0a9848,0x00000000eb100000)
  to   space 3072K, 0% used [0x00000000eb200000,0x00000000eb200000,0x00000000eb500000)
 ParOldGen       total 591872K, used 591538K [0x00000000c0000000, 0x00000000e4200000, 0x00000000eab00000)
  object space 591872K, 99% used [0x00000000c0000000,0x00000000e41acb48,0x00000000e4200000)
 Metaspace       used 62941K, committed 64320K, reserved 1114112K
  class space    used 6429K, committed 7040K, reserved 1048576K
}
Event: 27.362 GC heap before
{Heap before GC invocations=669 (full 3):
 PSYoungGen      total 6144K, used 5798K [0x00000000eab00000, 0x00000000eb500000, 0x0000000100000000)
  eden space 3072K, 100% used [0x00000000eab00000,0x00000000eae00000,0x00000000eae00000)
  from space 3072K, 88% used [0x00000000eae00000,0x00000000eb0a9848,0x00000000eb100000)
  to   space 3072K, 0% used [0x00000000eb200000,0x00000000eb200000,0x00000000eb500000)
 ParOldGen       total 591872K, used 591538K [0x00000000c0000000, 0x00000000e4200000, 0x00000000eab00000)
  object space 591872K, 99% used [0x00000000c0000000,0x00000000e41acb48,0x00000000e4200000)
 Metaspace       used 62941K, committed 64320K, reserved 1114112K
  class space    used 6429K, committed 7040K, reserved 1048576K
}
Event: 27.366 GC heap after
{Heap after GC invocations=669 (full 3):
 PSYoungGen      total 4608K, used 1369K [0x00000000eab00000, 0x00000000eb380000, 0x0000000100000000)
  eden space 3072K, 0% used [0x00000000eab00000,0x00000000eab00000,0x00000000eae00000)
  from space 1536K, 89% used [0x00000000eb200000,0x00000000eb3565b0,0x00000000eb380000)
  to   space 2048K, 0% used [0x00000000eaf80000,0x00000000eaf80000,0x00000000eb180000)
 ParOldGen       total 593408K, used 593077K [0x00000000c0000000, 0x00000000e4380000, 0x00000000eab00000)
  object space 593408K, 99% used [0x00000000c0000000,0x00000000e432d498,0x00000000e4380000)
 Metaspace       used 62941K, committed 64320K, reserved 1114112K
  class space    used 6429K, committed 7040K, reserved 1048576K
}
Event: 28.554 GC heap before
{Heap before GC invocations=670 (full 3):
 PSYoungGen      total 4608K, used 4441K [0x00000000eab00000, 0x00000000eb380000, 0x0000000100000000)
  eden space 3072K, 99% used [0x00000000eab00000,0x00000000eadfffb8,0x00000000eae00000)
  from space 1536K, 89% used [0x00000000eb200000,0x00000000eb3565b0,0x00000000eb380000)
  to   space 2048K, 0% used [0x00000000eaf80000,0x00000000eaf80000,0x00000000eb180000)
 ParOldGen       total 593408K, used 593077K [0x00000000c0000000, 0x00000000e4380000, 0x00000000eab00000)
  object space 593408K, 99% used [0x00000000c0000000,0x00000000e432d498,0x00000000e4380000)
 Metaspace       used 63017K, committed 64384K, reserved 1114112K
  class space    used 6435K, committed 7040K, reserved 1048576K
}
Event: 28.559 GC heap after
{Heap after GC invocations=670 (full 3):
 PSYoungGen      total 5120K, used 624K [0x00000000eab00000, 0x00000000eb280000, 0x0000000100000000)
  eden space 3072K, 0% used [0x00000000eab00000,0x00000000eab00000,0x00000000eae00000)
  from space 2048K, 30% used [0x00000000eaf80000,0x00000000eb01c010,0x00000000eb180000)
  to   space 1024K, 0% used [0x00000000eb180000,0x00000000eb180000,0x00000000eb280000)
 ParOldGen       total 594432K, used 594382K [0x00000000c0000000, 0x00000000e4480000, 0x00000000eab00000)
  object space 594432K, 99% used [0x00000000c0000000,0x00000000e4473a48,0x00000000e4480000)
 Metaspace       used 63017K, committed 64384K, reserved 1114112K
  class space    used 6435K, committed 7040K, reserved 1048576K
}

