# JRE version: OpenJDK Runtime Environment Temurin-21.0.6+7 (21.0.6+7) (build 21.0.6+7-LTS)
# Java VM: OpenJDK 64-Bit Server VM Temurin-21.0.6+7 (21.0.6+7-LTS, mixed mode, sharing, tiered, compressed oops, compressed class ptrs, parallel gc, windows-amd64)
GC Precious Log:
 CardTable entry size: 512
 CPUs: 8 total, 8 available
 Memory: 3820M
 Large Page Support: Disabled
 NUMA Support: Disabled
 Compressed Oops: Enabled (32-bit)
 Alignments: Space 512K, Generation 512K, Heap 2M
 Heap Min Capacity: 100M
 Heap Initial Capacity: 100M
 Heap Max Capacity: 1G
 Pre-touch: Disabled
 Parallel Workers: 8
Heap:
 PSYoungGen      total 5632K, used 3872K [0x00000000eab00000, 0x00000000eb280000, 0x0000000100000000)
  eden space 5120K, 70% used [0x00000000eab00000,0x00000000eae80080,0x00000000eb000000)
  from space 512K, 56% used [0x00000000eb200000,0x00000000eb248000,0x00000000eb280000)
  to   space 1024K, 0% used [0x00000000eb080000,0x00000000eb080000,0x00000000eb180000)
 ParOldGen       total 624640K, used 624239K [0x00000000c0000000, 0x00000000e6200000, 0x00000000eab00000)
  object space 624640K, 99% used [0x00000000c0000000,0x00000000e619bdb8,0x00000000e6200000)
 Metaspace       used 76938K, committed 78592K, reserved 1179648K
  class space    used 7832K, committed 8576K, reserved 1048576K
GC Heap History (20 events):
Event: 243.798 GC heap after
{Heap after GC invocations=485 (full 3):
 PSYoungGen      total 4608K, used 512K [0x00000000eab00000, 0x00000000eb400000, 0x0000000100000000)
  eden space 4096K, 0% used [0x00000000eab00000,0x00000000eab00000,0x00000000eaf00000)
  from space 512K, 100% used [0x00000000eb380000,0x00000000eb400000,0x00000000eb400000)
  to   space 2048K, 0% used [0x00000000eb000000,0x00000000eb000000,0x00000000eb200000)
 ParOldGen       total 620544K, used 620436K [0x00000000c0000000, 0x00000000e5e00000, 0x00000000eab00000)
  object space 620544K, 99% used [0x00000000c0000000,0x00000000e5de53c0,0x00000000e5e00000)
 Metaspace       used 76648K, committed 78272K, reserved 1179648K
  class space    used 7814K, committed 8512K, reserved 1048576K
}
Event: 243.855 GC heap before
{Heap before GC invocations=486 (full 3):
 PSYoungGen      total 4608K, used 4608K [0x00000000eab00000, 0x00000000eb400000, 0x0000000100000000)
  eden space 4096K, 100% used [0x00000000eab00000,0x00000000eaf00000,0x00000000eaf00000)
  from space 512K, 100% used [0x00000000eb380000,0x00000000eb400000,0x00000000eb400000)
  to   space 2048K, 0% used [0x00000000eb000000,0x00000000eb000000,0x00000000eb200000)
 ParOldGen       total 620544K, used 620436K [0x00000000c0000000, 0x00000000e5e00000, 0x00000000eab00000)
  object space 620544K, 99% used [0x00000000c0000000,0x00000000e5de53c0,0x00000000e5e00000)
 Metaspace       used 76670K, committed 78272K, reserved 1179648K
  class space    used 7816K, committed 8512K, reserved 1048576K
}
Event: 243.862 GC heap after
{Heap after GC invocations=486 (full 3):
 PSYoungGen      total 6144K, used 1088K [0x00000000eab00000, 0x00000000eb400000, 0x0000000100000000)
  eden space 4096K, 0% used [0x00000000eab00000,0x00000000eab00000,0x00000000eaf00000)
  from space 2048K, 53% used [0x00000000eb000000,0x00000000eb110000,0x00000000eb200000)
  to   space 1536K, 0% used [0x00000000eb280000,0x00000000eb280000,0x00000000eb400000)
 ParOldGen       total 621056K, used 620935K [0x00000000c0000000, 0x00000000e5e80000, 0x00000000eab00000)
  object space 621056K, 99% used [0x00000000c0000000,0x00000000e5e61ce0,0x00000000e5e80000)
 Metaspace       used 76670K, committed 78272K, reserved 1179648K
  class space    used 7816K, committed 8512K, reserved 1048576K
}
Event: 243.916 GC heap before
{Heap before GC invocations=487 (full 3):
 PSYoungGen      total 6144K, used 5184K [0x00000000eab00000, 0x00000000eb400000, 0x0000000100000000)
  eden space 4096K, 100% used [0x00000000eab00000,0x00000000eaf00000,0x00000000eaf00000)
  from space 2048K, 53% used [0x00000000eb000000,0x00000000eb110000,0x00000000eb200000)
  to   space 1536K, 0% used [0x00000000eb280000,0x00000000eb280000,0x00000000eb400000)
 ParOldGen       total 621056K, used 620935K [0x00000000c0000000, 0x00000000e5e80000, 0x00000000eab00000)
  object space 621056K, 99% used [0x00000000c0000000,0x00000000e5e61ce0,0x00000000e5e80000)
 Metaspace       used 76683K, committed 78272K, reserved 1179648K
  class space    used 7818K, committed 8512K, reserved 1048576K
}
Event: 243.919 GC heap after
{Heap after GC invocations=487 (full 3):
 PSYoungGen      total 5120K, used 960K [0x00000000eab00000, 0x00000000eb380000, 0x0000000100000000)
  eden space 4096K, 0% used [0x00000000eab00000,0x00000000eab00000,0x00000000eaf00000)
  from space 1024K, 93% used [0x00000000eb280000,0x00000000eb370000,0x00000000eb380000)
  to   space 1536K, 0% used [0x00000000eb080000,0x00000000eb080000,0x00000000eb200000)
 ParOldGen       total 622080K, used 621839K [0x00000000c0000000, 0x00000000e5f80000, 0x00000000eab00000)
  object space 622080K, 99% used [0x00000000c0000000,0x00000000e5f43ce0,0x00000000e5f80000)
 Metaspace       used 76683K, committed 78272K, reserved 1179648K
  class space    used 7818K, committed 8512K, reserved 1048576K
}
Event: 243.956 GC heap before
{Heap before GC invocations=488 (full 3):
 PSYoungGen      total 5120K, used 5056K [0x00000000eab00000, 0x00000000eb380000, 0x0000000100000000)
  eden space 4096K, 100% used [0x00000000eab00000,0x00000000eaf00000,0x00000000eaf00000)
  from space 1024K, 93% used [0x00000000eb280000,0x00000000eb370000,0x00000000eb380000)
  to   space 1536K, 0% used [0x00000000eb080000,0x00000000eb080000,0x00000000eb200000)
 ParOldGen       total 622080K, used 621839K [0x00000000c0000000, 0x00000000e5f80000, 0x00000000eab00000)
  object space 622080K, 99% used [0x00000000c0000000,0x00000000e5f43ce0,0x00000000e5f80000)
 Metaspace       used 76683K, committed 78272K, reserved 1179648K
  class space    used 7818K, committed 8512K, reserved 1048576K
}
Event: 243.963 GC heap after
{Heap after GC invocations=488 (full 3):
 PSYoungGen      total 5632K, used 1516K [0x00000000eab00000, 0x00000000eb400000, 0x0000000100000000)
  eden space 4096K, 0% used [0x00000000eab00000,0x00000000eab00000,0x00000000eaf00000)
  from space 1536K, 98% used [0x00000000eb080000,0x00000000eb1fb268,0x00000000eb200000)
  to   space 2048K, 0% used [0x00000000eb200000,0x00000000eb200000,0x00000000eb400000)
 ParOldGen       total 622592K, used 622441K [0x00000000c0000000, 0x00000000e6000000, 0x00000000eab00000)
  object space 622592K, 99% used [0x00000000c0000000,0x00000000e5fda400,0x00000000e6000000)
 Metaspace       used 76683K, committed 78272K, reserved 1179648K
  class space    used 7818K, committed 8512K, reserved 1048576K
}
Event: 244.308 GC heap before
{Heap before GC invocations=489 (full 3):
 PSYoungGen      total 5632K, used 5612K [0x00000000eab00000, 0x00000000eb400000, 0x0000000100000000)
  eden space 4096K, 99% used [0x00000000eab00000,0x00000000eaeffff0,0x00000000eaf00000)
  from space 1536K, 98% used [0x00000000eb080000,0x00000000eb1fb268,0x00000000eb200000)
  to   space 2048K, 0% used [0x00000000eb200000,0x00000000eb200000,0x00000000eb400000)
 ParOldGen       total 622592K, used 622441K [0x00000000c0000000, 0x00000000e6000000, 0x00000000eab00000)
  object space 622592K, 99% used [0x00000000c0000000,0x00000000e5fda400,0x00000000e6000000)
 Metaspace       used 76721K, committed 78336K, reserved 1179648K
  class space    used 7824K, committed 8512K, reserved 1048576K
}
Event: 244.315 GC heap after
{Heap after GC invocations=489 (full 3):
 PSYoungGen      total 4608K, used 487K [0x00000000eab00000, 0x00000000eb280000, 0x0000000100000000)
  eden space 4096K, 0% used [0x00000000eab00000,0x00000000eab00000,0x00000000eaf00000)
  from space 512K, 95% used [0x00000000eb200000,0x00000000eb279df0,0x00000000eb280000)
  to   space 1536K, 0% used [0x00000000eaf80000,0x00000000eaf80000,0x00000000eb100000)
 ParOldGen       total 622592K, used 622505K [0x00000000c0000000, 0x00000000e6000000, 0x00000000eab00000)
  object space 622592K, 99% used [0x00000000c0000000,0x00000000e5fea400,0x00000000e6000000)
 Metaspace       used 76721K, committed 78336K, reserved 1179648K
  class space    used 7824K, committed 8512K, reserved 1048576K
}
Event: 248.059 GC heap before
{Heap before GC invocations=490 (full 3):
 PSYoungGen      total 4608K, used 4583K [0x00000000eab00000, 0x00000000eb280000, 0x0000000100000000)
  eden space 4096K, 100% used [0x00000000eab00000,0x00000000eaf00000,0x00000000eaf00000)
  from space 512K, 95% used [0x00000000eb200000,0x00000000eb279df0,0x00000000eb280000)
  to   space 1536K, 0% used [0x00000000eaf80000,0x00000000eaf80000,0x00000000eb100000)
 ParOldGen       total 622592K, used 622505K [0x00000000c0000000, 0x00000000e6000000, 0x00000000eab00000)
  object space 622592K, 99% used [0x00000000c0000000,0x00000000e5fea400,0x00000000e6000000)
 Metaspace       used 76753K, committed 78336K, reserved 1179648K
  class space    used 7824K, committed 8512K, reserved 1048576K
}
Event: 248.063 GC heap after
{Heap after GC invocations=490 (full 3):
 PSYoungGen      total 5632K, used 272K [0x00000000eab00000, 0x00000000eb280000, 0x0000000100000000)
  eden space 4096K, 0% used [0x00000000eab00000,0x00000000eab00000,0x00000000eaf00000)
  from space 1536K, 17% used [0x00000000eaf80000,0x00000000eafc4010,0x00000000eb100000)
  to   space 512K, 0% used [0x00000000eb200000,0x00000000eb200000,0x00000000eb280000)
 ParOldGen       total 623104K, used 622877K [0x00000000c0000000, 0x00000000e6080000, 0x00000000eab00000)
  object space 623104K, 99% used [0x00000000c0000000,0x00000000e6047470,0x00000000e6080000)
 Metaspace       used 76753K, committed 78336K, reserved 1179648K
  class space    used 7824K, committed 8512K, reserved 1048576K
}
Event: 275.859 GC heap before
{Heap before GC invocations=491 (full 3):
 PSYoungGen      total 5632K, used 4365K [0x00000000eab00000, 0x00000000eb280000, 0x0000000100000000)
  eden space 4096K, 99% used [0x00000000eab00000,0x00000000eaeff528,0x00000000eaf00000)
  from space 1536K, 17% used [0x00000000eaf80000,0x00000000eafc4010,0x00000000eb100000)
  to   space 512K, 0% used [0x00000000eb200000,0x00000000eb200000,0x00000000eb280000)
 ParOldGen       total 623104K, used 622877K [0x00000000c0000000, 0x00000000e6080000, 0x00000000eab00000)
  object space 623104K, 99% used [0x00000000c0000000,0x00000000e6047470,0x00000000e6080000)
 Metaspace       used 76812K, committed 78464K, reserved 1179648K
  class space    used 7831K, committed 8576K, reserved 1048576K
}
Event: 275.986 GC heap after
{Heap after GC invocations=491 (full 3):
 PSYoungGen      total 4608K, used 512K [0x00000000eab00000, 0x00000000eb280000, 0x0000000100000000)
  eden space 4096K, 0% used [0x00000000eab00000,0x00000000eab00000,0x00000000eaf00000)
  from space 512K, 100% used [0x00000000eb200000,0x00000000eb280000,0x00000000eb280000)
  to   space 1024K, 0% used [0x00000000eb080000,0x00000000eb080000,0x00000000eb180000)
 ParOldGen       total 623104K, used 622909K [0x00000000c0000000, 0x00000000e6080000, 0x00000000eab00000)
  object space 623104K, 99% used [0x00000000c0000000,0x00000000e604f470,0x00000000e6080000)
 Metaspace       used 76812K, committed 78464K, reserved 1179648K
  class space    used 7831K, committed 8576K, reserved 1048576K
}
Event: 281.150 GC heap before
{Heap before GC invocations=492 (full 3):
 PSYoungGen      total 4608K, used 4602K [0x00000000eab00000, 0x00000000eb280000, 0x0000000100000000)
  eden space 4096K, 99% used [0x00000000eab00000,0x00000000eaefead8,0x00000000eaf00000)
  from space 512K, 100% used [0x00000000eb200000,0x00000000eb280000,0x00000000eb280000)
  to   space 1024K, 0% used [0x00000000eb080000,0x00000000eb080000,0x00000000eb180000)
 ParOldGen       total 623104K, used 622909K [0x00000000c0000000, 0x00000000e6080000, 0x00000000eab00000)
  object space 623104K, 99% used [0x00000000c0000000,0x00000000e604f470,0x00000000e6080000)
 Metaspace       used 76822K, committed 78464K, reserved 1179648K
  class space    used 7832K, committed 8576K, reserved 1048576K
}
Event: 281.152 GC heap after
{Heap after GC invocations=492 (full 3):
 PSYoungGen      total 5120K, used 256K [0x00000000eab00000, 0x00000000eb280000, 0x0000000100000000)
  eden space 4096K, 0% used [0x00000000eab00000,0x00000000eab00000,0x00000000eaf00000)
  from space 1024K, 25% used [0x00000000eb080000,0x00000000eb0c0000,0x00000000eb180000)
  to   space 512K, 0% used [0x00000000eb200000,0x00000000eb200000,0x00000000eb280000)
 ParOldGen       total 623104K, used 622965K [0x00000000c0000000, 0x00000000e6080000, 0x00000000eab00000)
  object space 623104K, 99% used [0x00000000c0000000,0x00000000e605d470,0x00000000e6080000)
 Metaspace       used 76822K, committed 78464K, reserved 1179648K
  class space    used 7832K, committed 8576K, reserved 1048576K
}
Event: 282.187 GC heap before
{Heap before GC invocations=493 (full 3):
 PSYoungGen      total 5120K, used 4352K [0x00000000eab00000, 0x00000000eb280000, 0x0000000100000000)
  eden space 4096K, 100% used [0x00000000eab00000,0x00000000eaf00000,0x00000000eaf00000)
  from space 1024K, 25% used [0x00000000eb080000,0x00000000eb0c0000,0x00000000eb180000)
  to   space 512K, 0% used [0x00000000eb200000,0x00000000eb200000,0x00000000eb280000)
 ParOldGen       total 623104K, used 622965K [0x00000000c0000000, 0x00000000e6080000, 0x00000000eab00000)
  object space 623104K, 99% used [0x00000000c0000000,0x00000000e605d470,0x00000000e6080000)
 Metaspace       used 76843K, committed 78464K, reserved 1179648K
  class space    used 7832K, committed 8576K, reserved 1048576K
}
Event: 282.201 GC heap after
{Heap after GC invocations=493 (full 3):
 PSYoungGen      total 4608K, used 320K [0x00000000eab00000, 0x00000000eb280000, 0x0000000100000000)
  eden space 4096K, 0% used [0x00000000eab00000,0x00000000eab00000,0x00000000eaf00000)
  from space 512K, 62% used [0x00000000eb200000,0x00000000eb250020,0x00000000eb280000)
  to   space 512K, 0% used [0x00000000eb180000,0x00000000eb180000,0x00000000eb200000)
 ParOldGen       total 623104K, used 623013K [0x00000000c0000000, 0x00000000e6080000, 0x00000000eab00000)
  object space 623104K, 99% used [0x00000000c0000000,0x00000000e6069470,0x00000000e6080000)
 Metaspace       used 76843K, committed 78464K, reserved 1179648K
  class space    used 7832K, committed 8576K, reserved 1048576K
}
Event: 282.372 GC heap before
{Heap before GC invocations=494 (full 3):
 PSYoungGen      total 4608K, used 4416K [0x00000000eab00000, 0x00000000eb280000, 0x0000000100000000)
  eden space 4096K, 100% used [0x00000000eab00000,0x00000000eaf00000,0x00000000eaf00000)
  from space 512K, 62% used [0x00000000eb200000,0x00000000eb250020,0x00000000eb280000)
  to   space 512K, 0% used [0x00000000eb180000,0x00000000eb180000,0x00000000eb200000)
 ParOldGen       total 623104K, used 623013K [0x00000000c0000000, 0x00000000e6080000, 0x00000000eab00000)
  object space 623104K, 99% used [0x00000000c0000000,0x00000000e6069470,0x00000000e6080000)
 Metaspace       used 76889K, committed 78528K, reserved 1179648K
  class space    used 7832K, committed 8576K, reserved 1048576K
}
Event: 282.377 GC heap after
{Heap after GC invocations=494 (full 3):
 PSYoungGen      total 4608K, used 512K [0x00000000eab00000, 0x00000000eb280000, 0x0000000100000000)
  eden space 4096K, 0% used [0x00000000eab00000,0x00000000eab00000,0x00000000eaf00000)
  from space 512K, 100% used [0x00000000eb180000,0x00000000eb200000,0x00000000eb200000)
  to   space 512K, 0% used [0x00000000eb200000,0x00000000eb200000,0x00000000eb280000)
 ParOldGen       total 624128K, used 623803K [0x00000000c0000000, 0x00000000e6180000, 0x00000000eab00000)
  object space 624128K, 99% used [0x00000000c0000000,0x00000000e612ed98,0x00000000e6180000)
 Metaspace       used 76889K, committed 78528K, reserved 1179648K
  class space    used 7832K, committed 8576K, reserved 1048576K
}
Event: 282.582 GC heap before
{Heap before GC invocations=495 (full 3):
 PSYoungGen      total 4608K, used 4608K [0x00000000eab00000, 0x00000000eb280000, 0x0000000100000000)
  eden space 4096K, 100% used [0x00000000eab00000,0x00000000eaf00000,0x00000000eaf00000)
  from space 512K, 100% used [0x00000000eb180000,0x00000000eb200000,0x00000000eb200000)
  to   space 512K, 0% used [0x00000000eb200000,0x00000000eb200000,0x00000000eb280000)
 ParOldGen       total 624128K, used 623803K [0x00000000c0000000, 0x00000000e6180000, 0x00000000eab00000)
  object space 624128K, 99% used [0x00000000c0000000,0x00000000e612ed98,0x00000000e6180000)
 Metaspace       used 76907K, committed 78528K, reserved 1179648K
  class space    used 7832K, committed 8576K, reserved 1048576K
}

